Using pre-set license
Built from '2020.3/staging' branch; Version is '2020.3.25f1 (9b9180224418) revision 10195328'; Using compiler version '192528614'; Build Type 'Release'
OS: 'Windows 10  (10.0.19043) 64bit Professional' Language: 'es' Physical Memory: 16237 MB
BatchMode: 1, IsHumanControllingUs: 0, StartBugReporterOnCrash: 0, Is64bit: 1, IsPro: 0

COMMAND LINE ARGUMENTS:
C:\Program Files\Unity 2020.3.25f1\Editor\Unity.exe
-adb2
-batchMode
-noUpm
-name
AssetImportWorker0
-projectPath
C:/Users/usuario/OneDrive/Documentos/GitHub/Demo-BoogeyMan/Demo Boogey Man
-logFile
Logs/AssetImportWorker0.log
-srvPort
55747
Successfully changed project path to: C:/Users/usuario/OneDrive/Documentos/GitHub/Demo-BoogeyMan/Demo Boogey Man
C:/Users/usuario/OneDrive/Documentos/GitHub/Demo-BoogeyMan/Demo Boogey Man
Using Asset Import Pipeline V2.
Refreshing native plugins compatible for Editor in 25.92 ms, found 2 plugins.
Preloading 0 native plugins for Editor in 0.00 ms.
Initialize engine version: 2020.3.25f1 (9b9180224418)
[Subsystems] Discovering subsystems at path C:/Program Files/Unity 2020.3.25f1/Editor/Data/Resources/UnitySubsystems
[Subsystems] Discovering subsystems at path C:/Users/usuario/OneDrive/Documentos/GitHub/Demo-BoogeyMan/Demo Boogey Man/Assets
GfxDevice: creating device client; threaded=0
Direct3D:
    Version:  Direct3D 11.0 [level 11.1]
    Renderer: NVIDIA GeForce GTX 1660 Ti (ID=0x2182)
    Vendor:   
    VRAM:     5991 MB
    Driver:   30.0.15.1215
Initialize mono
Mono path[0] = 'C:/Program Files/Unity 2020.3.25f1/Editor/Data/Managed'
Mono path[1] = 'C:/Program Files/Unity 2020.3.25f1/Editor/Data/MonoBleedingEdge/lib/mono/unityjit'
Mono config path = 'C:/Program Files/Unity 2020.3.25f1/Editor/Data/MonoBleedingEdge/etc'
Using monoOptions --debugger-agent=transport=dt_socket,embedding=1,server=y,suspend=n,address=127.0.0.1:56488
Begin MonoManager ReloadAssembly
Registering precompiled unity dll's ...
Register platform support module: C:/Program Files/Unity 2020.3.25f1/Editor/Data/PlaybackEngines/WindowsStandaloneSupport/UnityEditor.WindowsStandalone.Extensions.dll
Registered in 0.001763 seconds.
Native extension for WindowsStandalone target not found
Refreshing native plugins compatible for Editor in 25.32 ms, found 2 plugins.
Preloading 0 native plugins for Editor in 0.00 ms.
Mono: successfully reloaded assembly
- Completed reload, in  0.452 seconds
Domain Reload Profiling:
	ReloadAssembly (452ms)
		BeginReloadAssembly (44ms)
			ExecutionOrderSort (0ms)
			DisableScriptedObjects (0ms)
			BackupInstance (0ms)
			ReleaseScriptingObjects (0ms)
			CreateAndSetChildDomain (1ms)
		EndReloadAssembly (349ms)
			LoadAssemblies (42ms)
			RebuildTransferFunctionScriptingTraits (0ms)
			SetupTypeCache (119ms)
			ReleaseScriptCaches (0ms)
			RebuildScriptCaches (24ms)
			SetupLoadedEditorAssemblies (125ms)
				LogAssemblyErrors (0ms)
				InitializePlatformSupportModulesInManaged (3ms)
				SetLoadedEditorAssemblies (0ms)
				RefreshPlugins (25ms)
				BeforeProcessingInitializeOnLoad (13ms)
				ProcessInitializeOnLoadAttributes (62ms)
				ProcessInitializeOnLoadMethodAttributes (21ms)
				AfterProcessingInitializeOnLoad (0ms)
				EditorAssembliesLoaded (0ms)
			ExecutionOrderSort2 (0ms)
			AwakeInstancesAfterBackupRestoration (0ms)
Platform modules already initialized, skipping
Registering precompiled user dll's ...
Registered in 0.003978 seconds.
Begin MonoManager ReloadAssembly
Native extension for WindowsStandalone target not found
Refreshing native plugins compatible for Editor in 0.26 ms, found 2 plugins.
Preloading 0 native plugins for Editor in 0.00 ms.
Mono: successfully reloaded assembly
- Completed reload, in  0.785 seconds
Domain Reload Profiling:
	ReloadAssembly (786ms)
		BeginReloadAssembly (112ms)
			ExecutionOrderSort (0ms)
			DisableScriptedObjects (4ms)
			BackupInstance (0ms)
			ReleaseScriptingObjects (0ms)
			CreateAndSetChildDomain (14ms)
		EndReloadAssembly (624ms)
			LoadAssemblies (68ms)
			RebuildTransferFunctionScriptingTraits (0ms)
			SetupTypeCache (221ms)
			ReleaseScriptCaches (0ms)
			RebuildScriptCaches (31ms)
			SetupLoadedEditorAssemblies (234ms)
				LogAssemblyErrors (0ms)
				InitializePlatformSupportModulesInManaged (3ms)
				SetLoadedEditorAssemblies (0ms)
				RefreshPlugins (0ms)
				BeforeProcessingInitializeOnLoad (63ms)
				ProcessInitializeOnLoadAttributes (153ms)
				ProcessInitializeOnLoadMethodAttributes (7ms)
				AfterProcessingInitializeOnLoad (6ms)
				EditorAssembliesLoaded (0ms)
			ExecutionOrderSort2 (0ms)
			AwakeInstancesAfterBackupRestoration (5ms)
Platform modules already initialized, skipping
========================================================================
Worker process is ready to serve import requests
Launched and connected shader compiler UnityShaderCompiler.exe after 0.04 seconds
Refreshing native plugins compatible for Editor in 0.25 ms, found 2 plugins.
Preloading 0 native plugins for Editor in 0.00 ms.
Unloading 1511 Unused Serialized files (Serialized files now loaded: 0)
System memory in use before: 68.3 MB.
System memory in use after: 68.4 MB.

Unloading 19 unused Assets to reduce memory usage. Loaded Objects now: 1944.
Total: 1.949000 ms (FindLiveObjects: 0.108000 ms CreateObjectMapping: 0.038600 ms MarkObjects: 1.758500 ms  DeleteObjects: 0.043400 ms)

AssetImportParameters requested are different than current active one (requested -> active):
  custom:framework-win-MediaFoundation: 216162199b28c13a410421893ffa2e32 -> 
  custom:video-decoder-ogg-theora: a1e56fd34408186e4bbccfd4996cb3dc -> 
  custom:container-muxer-webm: aa71ff27fc2769a1b78a27578f13a17b -> 
  custom:container-demuxer-webm: 4f35f7cbe854078d1ac9338744f61a02 -> 
  custom:container-demuxer-ogg: 62fdf1f143b41e24485cea50d1cbac27 -> 
  custom:video-encoder-webm-vp8: eb34c28f22e8b96e1ab97ce403110664 -> 
  custom:video-decoder-webm-vp8: 9c59270c3fd7afecdb556c50c9e8de78 -> 
  custom:audio-decoder-ogg-vorbis: bf7c407c2cedff20999df2af8eb42d56 -> 
  custom:audio-encoder-webm-vorbis: bf7c407c2cedff20999df2af8eb42d56 -> 
========================================================================
Received Import Request.
  path: Assets/Assets Maya
  artifactKey: Guid(17af3f3e9df98594497b1bb5184d26c2) Importer(815301076,1909f56bfc062723c751e8b465ee728b)
Start importing Assets/Assets Maya using Guid(17af3f3e9df98594497b1bb5184d26c2) Importer(815301076,1909f56bfc062723c751e8b465ee728b)  -> (artifact id: '6110a0b156a5038da6a9d9a781b14c99') in 0.003990 seconds 
  Import took 0.005526 seconds .

========================================================================
Received Import Request.
  Time since last request: 18.483265 seconds.
  path: Assets/Assets Maya/pastito1.fbx
  artifactKey: Guid(78f8cc30ea0fdcb4c90878bea72c1c3c) Importer(815301076,1909f56bfc062723c751e8b465ee728b)
Start importing Assets/Assets Maya/pastito1.fbx using Guid(78f8cc30ea0fdcb4c90878bea72c1c3c) Importer(815301076,1909f56bfc062723c751e8b465ee728b)  -> (artifact id: 'cfd86ffa95502f695bf9e545651d06eb') in 0.135931 seconds 
  Import took 0.137816 seconds .

========================================================================
Received Prepare
Registering precompiled user dll's ...
Registered in 0.003783 seconds.
Begin MonoManager ReloadAssembly
Native extension for WindowsStandalone target not found
Refreshing native plugins compatible for Editor in 23.49 ms, found 2 plugins.
Preloading 0 native plugins for Editor in 0.00 ms.
Mono: successfully reloaded assembly
- Completed reload, in  0.820 seconds
Domain Reload Profiling:
	ReloadAssembly (820ms)
		BeginReloadAssembly (102ms)
			ExecutionOrderSort (0ms)
			DisableScriptedObjects (3ms)
			BackupInstance (0ms)
			ReleaseScriptingObjects (0ms)
			CreateAndSetChildDomain (26ms)
		EndReloadAssembly (668ms)
			LoadAssemblies (88ms)
			RebuildTransferFunctionScriptingTraits (0ms)
			SetupTypeCache (229ms)
			ReleaseScriptCaches (1ms)
			RebuildScriptCaches (29ms)
			SetupLoadedEditorAssemblies (225ms)
				LogAssemblyErrors (0ms)
				InitializePlatformSupportModulesInManaged (3ms)
				SetLoadedEditorAssemblies (0ms)
				RefreshPlugins (24ms)
				BeforeProcessingInitializeOnLoad (51ms)
				ProcessInitializeOnLoadAttributes (132ms)
				ProcessInitializeOnLoadMethodAttributes (10ms)
				AfterProcessingInitializeOnLoad (6ms)
				EditorAssembliesLoaded (0ms)
			ExecutionOrderSort2 (0ms)
			AwakeInstancesAfterBackupRestoration (5ms)
Platform modules already initialized, skipping
Refreshing native plugins compatible for Editor in 0.28 ms, found 2 plugins.
Preloading 0 native plugins for Editor in 0.00 ms.
Unloading 1613 Unused Serialized files (Serialized files now loaded: 0)
System memory in use before: 76.1 MB.
System memory in use after: 76.2 MB.

Unloading 14 unused Assets to reduce memory usage. Loaded Objects now: 2097.
Total: 1.981800 ms (FindLiveObjects: 0.107500 ms CreateObjectMapping: 0.042400 ms MarkObjects: 1.820100 ms  DeleteObjects: 0.011200 ms)

AssetImportParameters requested are different than current active one (requested -> active):
  custom:framework-win-MediaFoundation: 216162199b28c13a410421893ffa2e32 -> 
  custom:video-decoder-ogg-theora: a1e56fd34408186e4bbccfd4996cb3dc -> 
  custom:container-muxer-webm: aa71ff27fc2769a1b78a27578f13a17b -> 
  custom:container-demuxer-webm: 4f35f7cbe854078d1ac9338744f61a02 -> 
  custom:container-demuxer-ogg: 62fdf1f143b41e24485cea50d1cbac27 -> 
  custom:video-encoder-webm-vp8: eb34c28f22e8b96e1ab97ce403110664 -> 
  custom:video-decoder-webm-vp8: 9c59270c3fd7afecdb556c50c9e8de78 -> 
  custom:audio-decoder-ogg-vorbis: bf7c407c2cedff20999df2af8eb42d56 -> 
  custom:audio-encoder-webm-vorbis: bf7c407c2cedff20999df2af8eb42d56 -> 
========================================================================
Received Import Request.
  Time since last request: 576.817916 seconds.
  path: Assets/Prefabs/Cube.prefab
  artifactKey: Guid(36fd02e9d48a1f245aa3811e232c61bc) Importer(815301076,1909f56bfc062723c751e8b465ee728b)
Start importing Assets/Prefabs/Cube.prefab using Guid(36fd02e9d48a1f245aa3811e232c61bc) Importer(815301076,1909f56bfc062723c751e8b465ee728b)  -> (artifact id: '966a2489b4d876cdb1ba50cb63daa45b') in 0.049365 seconds 
  Import took 0.051466 seconds .

========================================================================
Received Import Request.
  Time since last request: 0.000216 seconds.
  path: Packages/com.unity.test-framework/UnityEditor.TestRunner/Api/ExecutionSettings.cs
  artifactKey: Guid(eea34a28297f9bc4c9f4c573bc8d5d1c) Importer(815301076,1909f56bfc062723c751e8b465ee728b)
Start importing Packages/com.unity.test-framework/UnityEditor.TestRunner/Api/ExecutionSettings.cs using Guid(eea34a28297f9bc4c9f4c573bc8d5d1c) Importer(815301076,1909f56bfc062723c751e8b465ee728b)  -> (artifact id: '227a3363d860d5a3f4beffb1d76689c2') in 0.009312 seconds 
  Import took 0.011152 seconds .

========================================================================
Received Import Request.
  Time since last request: 0.000217 seconds.
  path: Packages/com.unity.collab-proxy/Editor/PlasticSCM/UI/GetPlasticShortcut.cs
  artifactKey: Guid(65c9d93f86da86b41a712d92e8f03dc2) Importer(815301076,1909f56bfc062723c751e8b465ee728b)
Start importing Packages/com.unity.collab-proxy/Editor/PlasticSCM/UI/GetPlasticShortcut.cs using Guid(65c9d93f86da86b41a712d92e8f03dc2) Importer(815301076,1909f56bfc062723c751e8b465ee728b)  -> (artifact id: '147f83efbd087ffa8eebd37d8ffa10de') in 0.002457 seconds 
  Import took 0.004291 seconds .

========================================================================
Received Import Request.
  Time since last request: 0.000191 seconds.
  path: Packages/com.unity.collab-proxy/Editor/PlasticSCM/Views/IncomingChanges/Developer/IsCurrent.cs
  artifactKey: Guid(5013a6f8fee1f2a49b06f75fc5a6ece4) Importer(815301076,1909f56bfc062723c751e8b465ee728b)
Start importing Packages/com.unity.collab-proxy/Editor/PlasticSCM/Views/IncomingChanges/Developer/IsCurrent.cs using Guid(5013a6f8fee1f2a49b06f75fc5a6ece4) Importer(815301076,1909f56bfc062723c751e8b465ee728b)  -> (artifact id: '15e54251e0fb9858d1b92fbbf5371a85') in 0.003167 seconds 
  Import took 0.005232 seconds .

========================================================================
Received Import Request.
  Time since last request: 0.000271 seconds.
  path: Packages/com.unity.quicksearch/Editor/UI/CustomItemListView.cs
  artifactKey: Guid(ceedfd187e393ca4ab9db33b28ee2d9a) Importer(815301076,1909f56bfc062723c751e8b465ee728b)
Start importing Packages/com.unity.quicksearch/Editor/UI/CustomItemListView.cs using Guid(ceedfd187e393ca4ab9db33b28ee2d9a) Importer(815301076,1909f56bfc062723c751e8b465ee728b)  -> (artifact id: '31ecd76fe38dc32ae2b685d09a88fa98') in 0.002346 seconds 
  Import took 0.004225 seconds .

========================================================================
Received Import Request.
  Time since last request: 0.000230 seconds.
  path: Packages/com.unity.test-framework/UnityEditor.TestRunner/CommandLineTest/Executer.cs
  artifactKey: Guid(083c6a3a5426382449369ddc12b691d8) Importer(815301076,1909f56bfc062723c751e8b465ee728b)
Start importing Packages/com.unity.test-framework/UnityEditor.TestRunner/CommandLineTest/Executer.cs using Guid(083c6a3a5426382449369ddc12b691d8) Importer(815301076,1909f56bfc062723c751e8b465ee728b)  -> (artifact id: '6301dbc9fe5ddd3bab73493002d7c211') in 0.002216 seconds 
  Import took 0.004024 seconds .

========================================================================
Received Import Request.
  Time since last request: 0.000219 seconds.
  path: Packages/com.unity.quicksearch/Editor/BlinkCursorScope.cs
  artifactKey: Guid(2506225fdfb8caa42885345a5607890b) Importer(815301076,1909f56bfc062723c751e8b465ee728b)
Start importing Packages/com.unity.quicksearch/Editor/BlinkCursorScope.cs using Guid(2506225fdfb8caa42885345a5607890b) Importer(815301076,1909f56bfc062723c751e8b465ee728b)  -> (artifact id: '6131f5cd6910f40c9cbeacdf26adf8d5') in 0.002674 seconds 
  Import took 0.004500 seconds .

========================================================================
Received Import Request.
  Time since last request: 0.000226 seconds.
  path: Packages/com.unity.quicksearch/Editor/Providers/Calculator.cs
  artifactKey: Guid(25ad3e58468eab144a56b434be487087) Importer(815301076,1909f56bfc062723c751e8b465ee728b)
Start importing Packages/com.unity.quicksearch/Editor/Providers/Calculator.cs using Guid(25ad3e58468eab144a56b434be487087) Importer(815301076,1909f56bfc062723c751e8b465ee728b)  -> (artifact id: '8f36a624d271fdeedf652da51127493d') in 0.003132 seconds 
  Import took 0.005072 seconds .

========================================================================
Received Import Request.
  Time since last request: 0.000252 seconds.
  path: Packages/com.unity.test-framework/UnityEditor.TestRunner/CommandLineTest/ExecutionSettings.cs
  artifactKey: Guid(c3a75354f6ceac94ca15ca9d96593290) Importer(815301076,1909f56bfc062723c751e8b465ee728b)
Start importing Packages/com.unity.test-framework/UnityEditor.TestRunner/CommandLineTest/ExecutionSettings.cs using Guid(c3a75354f6ceac94ca15ca9d96593290) Importer(815301076,1909f56bfc062723c751e8b465ee728b)  -> (artifact id: '886879c467778a6125feafa1e77a2793') in 0.002366 seconds 
  Import took 0.004166 seconds .

========================================================================
Received Import Request.
  Time since last request: 0.000242 seconds.
  path: Packages/com.unity.collab-proxy/Editor/PlasticSCM/UI/EditorWindowFocus.cs
  artifactKey: Guid(84ce5571ebc476e45b6c9bc6644599c2) Importer(815301076,1909f56bfc062723c751e8b465ee728b)
Start importing Packages/com.unity.collab-proxy/Editor/PlasticSCM/UI/EditorWindowFocus.cs using Guid(84ce5571ebc476e45b6c9bc6644599c2) Importer(815301076,1909f56bfc062723c751e8b465ee728b)  -> (artifact id: '47d21d6eb264f380453b2dc0aeb79c3a') in 0.002421 seconds 
  Import took 0.004255 seconds .

========================================================================
Received Import Request.
  Time since last request: 0.000268 seconds.
  path: Packages/com.unity.quicksearch/Editor/UI/CustomItemSelectionWindow.cs
  artifactKey: Guid(8639eed27413b5940b64d3f2d5e52dfe) Importer(815301076,1909f56bfc062723c751e8b465ee728b)
Start importing Packages/com.unity.quicksearch/Editor/UI/CustomItemSelectionWindow.cs using Guid(8639eed27413b5940b64d3f2d5e52dfe) Importer(815301076,1909f56bfc062723c751e8b465ee728b)  -> (artifact id: '49cb599916aca3609b21aa2783924117') in 0.002412 seconds 
  Import took 0.004151 seconds .

========================================================================
Received Import Request.
  Time since last request: 0.000249 seconds.
  path: Packages/com.unity.ext.nunit/net35/unity-custom
  artifactKey: Guid(2347243c7aa3e224f9282dc94e6fc3b2) Importer(815301076,1909f56bfc062723c751e8b465ee728b)
Start importing Packages/com.unity.ext.nunit/net35/unity-custom using Guid(2347243c7aa3e224f9282dc94e6fc3b2) Importer(815301076,1909f56bfc062723c751e8b465ee728b)  -> (artifact id: 'f1ab6269ff3beb0fb0292ac4b7d4dd34') in 0.002462 seconds 
  Import took 0.004435 seconds .

========================================================================
Received Import Request.
  Time since last request: 0.000258 seconds.
  path: Packages/com.unity.collab-proxy/Tests/Editor/PlasticSCM/Views/IncomingChanges/Developer/IsCurrentTests.cs
  artifactKey: Guid(b7a11ad228943e2429861a6695633bae) Importer(815301076,1909f56bfc062723c751e8b465ee728b)
Start importing Packages/com.unity.collab-proxy/Tests/Editor/PlasticSCM/Views/IncomingChanges/Developer/IsCurrentTests.cs using Guid(b7a11ad228943e2429861a6695633bae) Importer(815301076,1909f56bfc062723c751e8b465ee728b)  -> (artifact id: '410bbb57ec3cc2307a41de58aed948b5') in 0.002342 seconds 
  Import took 0.004115 seconds .

========================================================================
Received Import Request.
  Time since last request: 0.624661 seconds.
  path: Packages/com.unity.ugui/Runtime/UI/Core/Culling
  artifactKey: Guid(27ed3e221887b3544bd9d6505d4a789f) Importer(815301076,1909f56bfc062723c751e8b465ee728b)
Start importing Packages/com.unity.ugui/Runtime/UI/Core/Culling using Guid(27ed3e221887b3544bd9d6505d4a789f) Importer(815301076,1909f56bfc062723c751e8b465ee728b)  -> (artifact id: 'e8ba7ca69ebfc3213dacbe0ab6398b9e') in 0.002646 seconds 
  Import took 0.004930 seconds .

========================================================================
Received Import Request.
  Time since last request: 0.000274 seconds.
  path: Packages/com.unity.ugui/Tests/Editor/RectMask2D/RectMask2DCulling.cs
  artifactKey: Guid(4402dcee6e9969549bf5b33f11533208) Importer(815301076,1909f56bfc062723c751e8b465ee728b)
Start importing Packages/com.unity.ugui/Tests/Editor/RectMask2D/RectMask2DCulling.cs using Guid(4402dcee6e9969549bf5b33f11533208) Importer(815301076,1909f56bfc062723c751e8b465ee728b)  -> (artifact id: '17e2f0342c60547d2d76a198881a99a8') in 0.002203 seconds 
  Import took 0.003920 seconds .

========================================================================
Received Import Request.
  Time since last request: 0.000228 seconds.
  path: Packages/com.unity.ugui/Tests/Runtime/Canvas/RectMask2DWithNestedCanvasCullsUsingCorrectCanvasRect.cs
  artifactKey: Guid(735d54f21944f834f931716514c87a84) Importer(815301076,1909f56bfc062723c751e8b465ee728b)
Start importing Packages/com.unity.ugui/Tests/Runtime/Canvas/RectMask2DWithNestedCanvasCullsUsingCorrectCanvasRect.cs using Guid(735d54f21944f834f931716514c87a84) Importer(815301076,1909f56bfc062723c751e8b465ee728b)  -> (artifact id: 'e5ce71605d429dcaf7f4d9fc5a063003') in 0.002491 seconds 
  Import took 0.004313 seconds .

AssetImportWorkerClient::OnTransportError - code=2 error=End of file
